<?xml version="1.0" encoding="UTF-8" ?>
<testsuite tests="2" failures="0" name="com.BS.AppTest" time="22.484" errors="0" skipped="0">
  <properties>
    <property name="java.vendor" value="Oracle Corporation"/>
    <property name="env.SYSTEMROOT" value="C:\WINDOWS"/>
    <property name="localRepository" value="C:\Users\Umang\.m2\repository"/>
    <property name="env.USERDOMAIN_ROAMINGPROFILE" value="Umang_Sardesai"/>
    <property name="sun.java.launcher" value="SUN_STANDARD"/>
    <property name="sun.management.compiler" value="HotSpot 64-Bit Tiered Compilers"/>
    <property name="env.PROMPT" value="$P$G"/>
    <property name="env.SELENIUM_BROWSER" value="chrome,firefox"/>
    <property name="os.name" value="Windows 8.1"/>
    <property name="env.FP_NO_HOST_CHECK" value="NO"/>
    <property name="sun.boot.class.path" value="C:\Program Files\Java\jdk1.8.0_05\jre\lib\resources.jar;C:\Program Files\Java\jdk1.8.0_05\jre\lib\rt.jar;C:\Program Files\Java\jdk1.8.0_05\jre\lib\sunrsasign.jar;C:\Program Files\Java\jdk1.8.0_05\jre\lib\jsse.jar;C:\Program Files\Java\jdk1.8.0_05\jre\lib\jce.jar;C:\Program Files\Java\jdk1.8.0_05\jre\lib\charsets.jar;C:\Program Files\Java\jdk1.8.0_05\jre\lib\jfr.jar;C:\Program Files\Java\jdk1.8.0_05\jre\classes"/>
    <property name="env.COMPUTERNAME" value="UMANG_SARDESAI"/>
    <property name="env.ALLUSERSPROFILE" value="C:\ProgramData"/>
    <property name="env.GTK_BASEPATH" value="C:\Program Files (x86)\GtkSharp\2.12\"/>
    <property name="sun.desktop" value="windows"/>
    <property name="java.vm.specification.vendor" value="Oracle Corporation"/>
    <property name="java.runtime.version" value="1.8.0_05-b13"/>
    <property name="env.HOMEPATH" value="\Users\Umang"/>
    <property name="user.name" value="Umang"/>
    <property name="maven.build.version" value="Apache Maven 3.2.3 (33f8c3e1027c3ddde99d3cdebad2656a31e8fdf4; 2014-08-12T02:28:10+05:30)"/>
    <property name="env.PATH" value="C:\ProgramData\Oracle\Java\javapath;C:\Windows\System32;C:\Program Files\Java\jdk1.8.0_05\bin;C:\Users\Umang\Documents\GitHub\browserstack-yeti-with-qunit\node_modules\.bin;C:\Users\Umang\Downloads;C:\Ruby193\bin;C:\Program Files\nodejs;C:\xampp\php;C:\Users\Umang\AppData\Roaming\npm;C:\Python33;C:\Python33\Scripts;C:\Program Files (x86)\GtkSharp\2.12\bin;C:\Users\Umang\Downloads\codecept.phar;C:\WINDOWS\system32;C:\WINDOWS;C:\WINDOWS\System32\Wbem;C:\WINDOWS\System32\WindowsPowerShell\v1.0\;C:\Program Files (x86)\Microsoft Web Driver;C:\Program Files (x86)\nodejs;C:\Program Files (x86)\Skype\Phone\;C:\Users\Umang\Downloads;C:\Maven\apache-maven-3.2.3\bin;C:\Program Files\Java\jdk1.8.0_05\bin;C:\Users\Umang\Downloads\gradle-2.1\bin;C:\Program Files\nodejs;C:\xampp\php;C:\Python33;C:\Python33\Scripts;C:\Users\Umang\Downloads\codecept.phar;C:\Program Files (x86)\Microsoft Web Driver;C:\Users\Umang\AppData\Roaming\npm;C:\Program Files (x86)\nodejs"/>
    <property name="user.language" value="en"/>
    <property name="env.WINDIR" value="C:\WINDOWS"/>
    <property name="sun.boot.library.path" value="C:\Program Files\Java\jdk1.8.0_05\jre\bin"/>
    <property name="classworlds.conf" value="C:\Maven\apache-maven-3.2.3\bin\m2.conf"/>
    <property name="java.version" value="1.8.0_05"/>
    <property name="env.PROCESSOR_IDENTIFIER" value="Intel64 Family 6 Model 69 Stepping 1, GenuineIntel"/>
    <property name="user.timezone" value="Asia/Calcutta"/>
    <property name="env.TEMP" value="C:\Users\Umang\AppData\Local\Temp"/>
    <property name="sun.arch.data.model" value="64"/>
    <property name="java.endorsed.dirs" value="C:\Program Files\Java\jdk1.8.0_05\jre\lib\endorsed"/>
    <property name="sun.cpu.isalist" value="amd64"/>
    <property name="env.HOMEDRIVE" value="C:"/>
    <property name="sun.jnu.encoding" value="Cp1252"/>
    <property name="file.encoding.pkg" value="sun.io"/>
    <property name="env.VS110COMNTOOLS" value="C:\Program Files (x86)\Microsoft Visual Studio 11.0\Common7\Tools\"/>
    <property name="env.SYSTEMDRIVE" value="C:"/>
    <property name="file.separator" value="\"/>
    <property name="java.specification.name" value="Java Platform API Specification"/>
    <property name="java.class.version" value="52.0"/>
    <property name="user.country" value="IN"/>
    <property name="java.home" value="C:\Program Files\Java\jdk1.8.0_05\jre"/>
    <property name="env.APPDATA" value="C:\Users\Umang\AppData\Roaming"/>
    <property name="env.CONFIGSETROOT" value="C:\WINDOWS\ConfigSetRoot"/>
    <property name="env.PUBLIC" value="C:\Users\Public"/>
    <property name="java.vm.info" value="mixed mode"/>
    <property name="env.OS" value="Windows_NT"/>
    <property name="os.version" value="6.3"/>
    <property name="env.=::" value="::\"/>
    <property name="path.separator" value=";"/>
    <property name="java.vm.version" value="25.5-b02"/>
    <property name="env.USERPROFILE" value="C:\Users\Umang"/>
    <property name="user.variant" value=""/>
    <property name="env.JAVA_HOME" value="C:\Program Files\Java\jdk1.8.0_05"/>
    <property name="java.awt.printerjob" value="sun.awt.windows.WPrinterJob"/>
    <property name="env.TMP" value="C:\Users\Umang\AppData\Local\Temp"/>
    <property name="env.FPS_BROWSER_USER_PROFILE_STRING" value="Default"/>
    <property name="env.PROGRAMFILES" value="C:\Program Files"/>
    <property name="sun.io.unicode.encoding" value="UnicodeLittle"/>
    <property name="awt.toolkit" value="sun.awt.windows.WToolkit"/>
    <property name="sun.stdout.encoding" value="cp437"/>
    <property name="user.script" value=""/>
    <property name="user.home" value="C:\Users\Umang"/>
    <property name="env.COMMONPROGRAMFILES" value="C:\Program Files\Common Files"/>
    <property name="env.=EXITCODE" value="00000000"/>
    <property name="env.SESSIONNAME" value="Console"/>
    <property name="java.specification.vendor" value="Oracle Corporation"/>
    <property name="env.M2_HOME" value="C:\Maven\apache-maven-3.2.3"/>
    <property name="env.NUMBER_OF_PROCESSORS" value="4"/>
    <property name="java.library.path" value="C:\Program Files\Java\jdk1.8.0_05\bin;C:\WINDOWS\Sun\Java\bin;C:\WINDOWS\system32;C:\WINDOWS;C:\ProgramData\Oracle\Java\javapath;C:\Windows\System32;C:\Program Files\Java\jdk1.8.0_05\bin;C:\Users\Umang\Documents\GitHub\browserstack-yeti-with-qunit\node_modules\.bin;C:\Users\Umang\Downloads;C:\Ruby193\bin;C:\Program Files\nodejs;C:\xampp\php;C:\Users\Umang\AppData\Roaming\npm;C:\Python33;C:\Python33\Scripts;C:\Program Files (x86)\GtkSharp\2.12\bin;C:\Users\Umang\Downloads\codecept.phar;C:\WINDOWS\system32;C:\WINDOWS;C:\WINDOWS\System32\Wbem;C:\WINDOWS\System32\WindowsPowerShell\v1.0\;C:\Program Files (x86)\Microsoft Web Driver;C:\Program Files (x86)\nodejs;C:\Program Files (x86)\Skype\Phone\;C:\Users\Umang\Downloads;C:\Maven\apache-maven-3.2.3\bin;C:\Program Files\Java\jdk1.8.0_05\bin;C:\Users\Umang\Downloads\gradle-2.1\bin;C:\Program Files\nodejs;C:\xampp\php;C:\Python33;C:\Python33\Scripts;C:\Users\Umang\Downloads\codecept.phar;C:\Program Files (x86)\Microsoft Web Driver;C:\Users\Umang\AppData\Roaming\npm;C:\Program Files (x86)\nodejs;."/>
    <property name="java.vendor.url" value="http://java.oracle.com/"/>
    <property name="env.CLASSWORLDS_LAUNCHER" value="org.codehaus.plexus.classworlds.launcher.Launcher"/>
    <property name="env.PSMODULEPATH" value="C:\WINDOWS\system32\WindowsPowerShell\v1.0\Modules\"/>
    <property name="env.COMMONPROGRAMFILES(X86)" value="C:\Program Files (x86)\Common Files"/>
    <property name="env.MAVEN_CMD_LINE_ARGS" value="test"/>
    <property name="java.vm.vendor" value="Oracle Corporation"/>
    <property name="env.XNAGSSHARED" value="C:\Program Files (x86)\Common Files\Microsoft Shared\XNA\"/>
    <property name="java.runtime.name" value="Java(TM) SE Runtime Environment"/>
    <property name="maven.home" value="C:\Maven\apache-maven-3.2.3"/>
    <property name="java.class.path" value="C:\Maven\apache-maven-3.2.3\boot\plexus-classworlds-2.5.1.jar"/>
    <property name="sun.java.command" value="org.codehaus.plexus.classworlds.launcher.Launcher test"/>
    <property name="env.PROGRAMW6432" value="C:\Program Files"/>
    <property name="maven.version" value="3.2.3"/>
    <property name="env.MAVEN_JAVA_EXE" value="&quot;C:\Program Files\Java\jdk1.8.0_05\bin\java.exe&quot;"/>
    <property name="env.PROGRAMFILES(X86)" value="C:\Program Files (x86)"/>
    <property name="java.vm.specification.name" value="Java Virtual Machine Specification"/>
    <property name="env.LOGONSERVER" value="\\UMANG_SARDESAI"/>
    <property name="java.vm.specification.version" value="1.8"/>
    <property name="env.PROCESSOR_ARCHITECTURE" value="AMD64"/>
    <property name="env.COMMONPROGRAMW6432" value="C:\Program Files\Common Files"/>
    <property name="sun.os.patch.level" value=""/>
    <property name="sun.cpu.endian" value="little"/>
    <property name="env.HOME" value="C:\Users\Umang"/>
    <property name="surefire.test.class.path" value="C:\Selenium\Java\SampleTestUsingMaven\target\test-classes;C:\Selenium\Java\SampleTestUsingMaven\target\classes;C:\Users\Umang\.m2\repository\junit\junit\4.11\junit-4.11.jar;C:\Users\Umang\.m2\repository\org\hamcrest\hamcrest-core\1.3\hamcrest-core-1.3.jar;C:\Users\Umang\.m2\repository\org\seleniumhq\selenium\selenium-java\2.45.0\selenium-java-2.45.0.jar;C:\Users\Umang\.m2\repository\org\seleniumhq\selenium\selenium-chrome-driver\2.45.0\selenium-chrome-driver-2.45.0.jar;C:\Users\Umang\.m2\repository\org\seleniumhq\selenium\selenium-remote-driver\2.45.0\selenium-remote-driver-2.45.0.jar;C:\Users\Umang\.m2\repository\cglib\cglib-nodep\2.1_3\cglib-nodep-2.1_3.jar;C:\Users\Umang\.m2\repository\com\google\code\gson\gson\2.3.1\gson-2.3.1.jar;C:\Users\Umang\.m2\repository\org\seleniumhq\selenium\selenium-api\2.45.0\selenium-api-2.45.0.jar;C:\Users\Umang\.m2\repository\com\google\guava\guava\18.0\guava-18.0.jar;C:\Users\Umang\.m2\repository\org\seleniumhq\selenium\selenium-htmlunit-driver\2.45.0\selenium-htmlunit-driver-2.45.0.jar;C:\Users\Umang\.m2\repository\net\sourceforge\htmlunit\htmlunit\2.15\htmlunit-2.15.jar;C:\Users\Umang\.m2\repository\xalan\xalan\2.7.1\xalan-2.7.1.jar;C:\Users\Umang\.m2\repository\xalan\serializer\2.7.1\serializer-2.7.1.jar;C:\Users\Umang\.m2\repository\commons-collections\commons-collections\3.2.1\commons-collections-3.2.1.jar;C:\Users\Umang\.m2\repository\org\apache\commons\commons-lang3\3.3.2\commons-lang3-3.3.2.jar;C:\Users\Umang\.m2\repository\org\apache\httpcomponents\httpmime\4.3.3\httpmime-4.3.3.jar;C:\Users\Umang\.m2\repository\net\sourceforge\htmlunit\htmlunit-core-js\2.15\htmlunit-core-js-2.15.jar;C:\Users\Umang\.m2\repository\xerces\xercesImpl\2.11.0\xercesImpl-2.11.0.jar;C:\Users\Umang\.m2\repository\xml-apis\xml-apis\1.4.01\xml-apis-1.4.01.jar;C:\Users\Umang\.m2\repository\net\sourceforge\nekohtml\nekohtml\1.9.21\nekohtml-1.9.21.jar;C:\Users\Umang\.m2\repository\net\sourceforge\cssparser\cssparser\0.9.14\cssparser-0.9.14.jar;C:\Users\Umang\.m2\repository\org\w3c\css\sac\1.3\sac-1.3.jar;C:\Users\Umang\.m2\repository\commons-logging\commons-logging\1.1.3\commons-logging-1.1.3.jar;C:\Users\Umang\.m2\repository\org\eclipse\jetty\jetty-websocket\8.1.15.v20140411\jetty-websocket-8.1.15.v20140411.jar;C:\Users\Umang\.m2\repository\org\eclipse\jetty\jetty-util\8.1.15.v20140411\jetty-util-8.1.15.v20140411.jar;C:\Users\Umang\.m2\repository\org\eclipse\jetty\jetty-io\8.1.15.v20140411\jetty-io-8.1.15.v20140411.jar;C:\Users\Umang\.m2\repository\org\eclipse\jetty\jetty-http\8.1.15.v20140411\jetty-http-8.1.15.v20140411.jar;C:\Users\Umang\.m2\repository\org\apache\httpcomponents\httpclient\4.3.6\httpclient-4.3.6.jar;C:\Users\Umang\.m2\repository\org\apache\httpcomponents\httpcore\4.3.3\httpcore-4.3.3.jar;C:\Users\Umang\.m2\repository\org\seleniumhq\selenium\selenium-firefox-driver\2.45.0\selenium-firefox-driver-2.45.0.jar;C:\Users\Umang\.m2\repository\commons-io\commons-io\2.4\commons-io-2.4.jar;C:\Users\Umang\.m2\repository\org\apache\commons\commons-exec\1.1\commons-exec-1.1.jar;C:\Users\Umang\.m2\repository\org\seleniumhq\selenium\selenium-ie-driver\2.45.0\selenium-ie-driver-2.45.0.jar;C:\Users\Umang\.m2\repository\net\java\dev\jna\jna\3.4.0\jna-3.4.0.jar;C:\Users\Umang\.m2\repository\net\java\dev\jna\platform\3.4.0\platform-3.4.0.jar;C:\Users\Umang\.m2\repository\org\seleniumhq\selenium\selenium-safari-driver\2.45.0\selenium-safari-driver-2.45.0.jar;C:\Users\Umang\.m2\repository\org\seleniumhq\selenium\selenium-support\2.45.0\selenium-support-2.45.0.jar;C:\Users\Umang\.m2\repository\org\webbitserver\webbit\0.4.14\webbit-0.4.14.jar;C:\Users\Umang\.m2\repository\io\netty\netty\3.5.2.Final\netty-3.5.2.Final.jar;C:\Users\Umang\.m2\repository\org\seleniumhq\selenium\selenium-leg-rc\2.45.0\selenium-leg-rc-2.45.0.jar;C:\Users\Umang\.m2\repository\org\seleniumhq\selenium\selenium-server\2.45.0\selenium-server-2.45.0.jar;C:\Users\Umang\.m2\repository\org\bouncycastle\bcprov-jdk15on\1.48\bcprov-jdk15on-1.48.jar;C:\Users\Umang\.m2\repository\org\bouncycastle\bcpkix-jdk15on\1.48\bcpkix-jdk15on-1.48.jar;C:\Users\Umang\.m2\repository\mx4j\mx4j-tools\3.0.1\mx4j-tools-3.0.1.jar;C:\Users\Umang\.m2\repository\org\mortbay\jetty\servlet-api-2.5\6.1.9\servlet-api-2.5-6.1.9.jar;C:\Users\Umang\.m2\repository\org\seleniumhq\selenium\jetty-repacked\7.6.1\jetty-repacked-7.6.1.jar;C:\Users\Umang\.m2\repository\org\seleniumhq\selenium\jetty-rc-repacked\5\jetty-rc-repacked-5.jar;C:\Users\Umang\.m2\repository\net\jcip\jcip-annotations\1.0\jcip-annotations-1.0.jar;C:\Users\Umang\.m2\repository\org\yaml\snakeyaml\1.8\snakeyaml-1.8.jar;C:\Users\Umang\.m2\repository\commons-codec\commons-codec\1.9\commons-codec-1.9.jar;"/>
    <property name="java.io.tmpdir" value="C:\Users\Umang\AppData\Local\Temp\"/>
    <property name="env.PROCESSOR_REVISION" value="4501"/>
    <property name="java.vendor.url.bug" value="http://bugreport.sun.com/bugreport/"/>
    <property name="env.COMSPEC" value="C:\WINDOWS\system32\cmd.exe"/>
    <property name="env.PROGRAMDATA" value="C:\ProgramData"/>
    <property name="env.FPS_BROWSER_APP_PROFILE_STRING" value="Internet Explorer"/>
    <property name="java.awt.graphicsenv" value="sun.awt.Win32GraphicsEnvironment"/>
    <property name="os.arch" value="amd64"/>
    <property name="java.ext.dirs" value="C:\Program Files\Java\jdk1.8.0_05\jre\lib\ext;C:\WINDOWS\Sun\Java\lib\ext"/>
    <property name="user.dir" value="C:\Selenium\Java\SampleTestUsingMaven"/>
    <property name="env.LOCALAPPDATA" value="C:\Users\Umang\AppData\Local"/>
    <property name="line.separator" value="
"/>
    <property name="java.vm.name" value="Java HotSpot(TM) 64-Bit Server VM"/>
    <property name="env.CLASSWORLDS_JAR" value="&quot;C:\Maven\apache-maven-3.2.3\boot\plexus-classworlds-2.5.1.jar&quot;"/>
    <property name="env.PATHEXT" value=".COM;.EXE;.BAT;.CMD;.VBS;.VBE;.JS;.JSE;.WSF;.WSH;.MSC;.RB;.RBW"/>
    <property name="env.TEAMCITY_DATA_PATH" value="C:\ProgramData\JetBrains\TeamCity"/>
    <property name="basedir" value="C:\Selenium\Java\SampleTestUsingMaven"/>
    <property name="env.SELENIUM_SERVER_JAR" value="C:\Users\Umang\Downloads\selenium-2.42.2\selenium-server-standalone-2.42.2.jar"/>
    <property name="env.ERROR_CODE" value="0"/>
    <property name="env.M2" value="C:\Maven\apache-maven-3.2.3\bin"/>
    <property name="env.USERNAME" value="Umang"/>
    <property name="file.encoding" value="Cp1252"/>
    <property name="sun.stderr.encoding" value="cp437"/>
    <property name="env.USERDOMAIN" value="Umang_Sardesai"/>
    <property name="java.specification.version" value="1.8"/>
    <property name="env.=C:" value="C:\Selenium\Java\SampleTestUsingMaven"/>
    <property name="env.PROCESSOR_LEVEL" value="6"/>
  </properties>
  <testcase classname="com.BS.AppTest" name="testSimple[1]" time="21.102"/>
  <testcase classname="com.BS.AppTest" name="testSimple[0]" time="22.436"/>
</testsuite>